2026-05-30 00:01:22,418 INFO sqlalchemy.engine.Engine BEGIN (implicit)
2026-05-30 00:01:22,420 INFO sqlalchemy.engine.Engine PRAGMA main.table_info("analysis")
2026-05-30 00:01:22,421 INFO sqlalchemy.engine.Engine [raw sql] ()
2026-05-30 00:01:22,424 INFO sqlalchemy.engine.Engine PRAGMA temp.table_info("analysis")
2026-05-30 00:01:22,425 INFO sqlalchemy.engine.Engine [raw sql] ()
2026-05-30 00:01:22,426 INFO sqlalchemy.engine.Engine 
CREATE TABLE analysis (
	id VARCHAR NOT NULL, 
	job_title VARCHAR NOT NULL, 
	job_description VARCHAR NOT NULL, 
	resume BLOB NOT NULL, 
	resume_text VARCHAR NOT NULL, 
	summary JSON, 
	roadmap JSON, 
	code_challenges JSON, 
	pitch JSON, 
	interview_questions JSON, 
	created_at DATETIME NOT NULL, 
	PRIMARY KEY (id)
)


2026-05-30 00:01:22,426 INFO sqlalchemy.engine.Engine [no key 0.00021s] ()
2026-05-30 00:01:22,432 INFO sqlalchemy.engine.Engine COMMIT
INFO:     127.0.0.1:49698 - "GET /health HTTP/1.1" 200 OK
2026-05-30 00:02:50,905 INFO sqlalchemy.engine.Engine BEGIN (implicit)
2026-05-30 00:02:50,908 INFO sqlalchemy.engine.Engine INSERT INTO analysis (id, job_title, job_description, resume, resume_text, summary, roadmap, code_challenges, pitch, interview_questions, created_at) VALUES (?, ?, ?, ?, ?, ?, ?, ?, ?, ?, ?)
2026-05-30 00:02:50,909 INFO sqlalchemy.engine.Engine [generated in 0.00052s] ('87b1e222-c596-4b05-839c-184270be4655', 'Frontend Engineer', 'React e TypeScript', <memory at 0x0000015337DB99C0>, 'Joao Silva - Software Engineer\nSkills: React, TypeScript, Node.js, Python\nExperience: 5 years building web apps', 'null', 'null', 'null', 'null', 'null', '2026-05-30 03:02:50.903766')
2026-05-30 00:02:50,910 INFO sqlalchemy.engine.Engine COMMIT
2026-05-30 00:02:50,916 INFO sqlalchemy.engine.Engine BEGIN (implicit)
2026-05-30 00:02:50,918 INFO sqlalchemy.engine.Engine SELECT analysis.id, analysis.job_title, analysis.job_description, analysis.resume, analysis.resume_text, analysis.summary, analysis.roadmap, analysis.code_challenges, analysis.pitch, analysis.interview_questions, analysis.created_at 
FROM analysis 
WHERE analysis.id = ?
2026-05-30 00:02:50,919 INFO sqlalchemy.engine.Engine [generated in 0.00036s] ('87b1e222-c596-4b05-839c-184270be4655',)
2026-05-30 00:02:50,922 INFO sqlalchemy.engine.Engine ROLLBACK
INFO:     127.0.0.1:50710 - "POST /analysis HTTP/1.1" 201 Created
2026-05-30 00:02:53,144 INFO sqlalchemy.engine.Engine BEGIN (implicit)
2026-05-30 00:02:53,148 INFO sqlalchemy.engine.Engine SELECT analysis.id AS analysis_id, analysis.job_title AS analysis_job_title, analysis.job_description AS analysis_job_description, analysis.resume AS analysis_resume, analysis.resume_text AS analysis_resume_text, analysis.summary AS analysis_summary, analysis.roadmap AS analysis_roadmap, analysis.code_challenges AS analysis_code_challenges, analysis.pitch AS analysis_pitch, analysis.interview_questions AS analysis_interview_questions, analysis.created_at AS analysis_created_at 
FROM analysis 
WHERE analysis.id = ?
2026-05-30 00:02:53,149 INFO sqlalchemy.engine.Engine [generated in 0.00045s] ('87b1e222-c596-4b05-839c-184270be4655',)
2026-05-30 00:02:53,150 INFO sqlalchemy.engine.Engine ROLLBACK
INFO:     127.0.0.1:50737 - "GET /analysis/87b1e222-c596-4b05-839c-184270be4655 HTTP/1.1" 200 OK
2026-05-30 00:02:55,388 INFO sqlalchemy.engine.Engine BEGIN (implicit)
2026-05-30 00:02:55,389 INFO sqlalchemy.engine.Engine SELECT analysis.id AS analysis_id, analysis.job_title AS analysis_job_title, analysis.job_description AS analysis_job_description, analysis.resume AS analysis_resume, analysis.resume_text AS analysis_resume_text, analysis.summary AS analysis_summary, analysis.roadmap AS analysis_roadmap, analysis.code_challenges AS analysis_code_challenges, analysis.pitch AS analysis_pitch, analysis.interview_questions AS analysis_interview_questions, analysis.created_at AS analysis_created_at 
FROM analysis 
WHERE analysis.id = ?
2026-05-30 00:02:55,389 INFO sqlalchemy.engine.Engine [cached since 2.241s ago] ('nao-existe',)
2026-05-30 00:02:55,391 INFO sqlalchemy.engine.Engine ROLLBACK
INFO:     127.0.0.1:50765 - "GET /analysis/nao-existe HTTP/1.1" 404 Not Found
2026-05-30 00:03:24,897 INFO sqlalchemy.engine.Engine BEGIN (implicit)
2026-05-30 00:03:24,898 INFO sqlalchemy.engine.Engine SELECT analysis.id AS analysis_id, analysis.job_title AS analysis_job_title, analysis.job_description AS analysis_job_description, analysis.resume AS analysis_resume, analysis.resume_text AS analysis_resume_text, analysis.summary AS analysis_summary, analysis.roadmap AS analysis_roadmap, analysis.code_challenges AS analysis_code_challenges, analysis.pitch AS analysis_pitch, analysis.interview_questions AS analysis_interview_questions, analysis.created_at AS analysis_created_at 
FROM analysis 
WHERE analysis.id = ?
2026-05-30 00:03:24,898 INFO sqlalchemy.engine.Engine [cached since 31.75s ago] ('87b1e222-c596-4b05-839c-184270be4655',)
2026-05-30 00:03:26,630 INFO sqlalchemy.engine.Engine ROLLBACK
INFO:     127.0.0.1:51097 - "GET /analysis/87b1e222-c596-4b05-839c-184270be4655/summary HTTP/1.1" 503 Service Unavailable
2026-05-30 00:03:26,861 INFO sqlalchemy.engine.Engine BEGIN (implicit)
2026-05-30 00:03:26,861 INFO sqlalchemy.engine.Engine SELECT analysis.id AS analysis_id, analysis.job_title AS analysis_job_title, analysis.job_description AS analysis_job_description, analysis.resume AS analysis_resume, analysis.resume_text AS analysis_resume_text, analysis.summary AS analysis_summary, analysis.roadmap AS analysis_roadmap, analysis.code_challenges AS analysis_code_challenges, analysis.pitch AS analysis_pitch, analysis.interview_questions AS analysis_interview_questions, analysis.created_at AS analysis_created_at 
FROM analysis 
WHERE analysis.id = ?
2026-05-30 00:03:26,862 INFO sqlalchemy.engine.Engine [cached since 33.71s ago] ('87b1e222-c596-4b05-839c-184270be4655',)
2026-05-30 00:03:28,561 INFO sqlalchemy.engine.Engine ROLLBACK
INFO:     127.0.0.1:51097 - "GET /analysis/87b1e222-c596-4b05-839c-184270be4655/summary HTTP/1.1" 503 Service Unavailable
2026-05-30 00:03:28,759 INFO sqlalchemy.engine.Engine BEGIN (implicit)
2026-05-30 00:03:28,760 INFO sqlalchemy.engine.Engine SELECT analysis.id AS analysis_id, analysis.job_title AS analysis_job_title, analysis.job_description AS analysis_job_description, analysis.resume AS analysis_resume, analysis.resume_text AS analysis_resume_text, analysis.summary AS analysis_summary, analysis.roadmap AS analysis_roadmap, analysis.code_challenges AS analysis_code_challenges, analysis.pitch AS analysis_pitch, analysis.interview_questions AS analysis_interview_questions, analysis.created_at AS analysis_created_at 
FROM analysis 
WHERE analysis.id = ?
2026-05-30 00:03:28,760 INFO sqlalchemy.engine.Engine [cached since 35.61s ago] ('87b1e222-c596-4b05-839c-184270be4655',)
2026-05-30 00:03:30,155 INFO sqlalchemy.engine.Engine ROLLBACK
INFO:     127.0.0.1:51097 - "GET /analysis/87b1e222-c596-4b05-839c-184270be4655/roadmap HTTP/1.1" 503 Service Unavailable
